<?xml version="1.0" encoding="UTF-8"?>
<!-- Generated by org.testng.reporters.JUnitXMLReporter -->
<testsuite ignored="0" hostname="DESKTOP-FMACLJN" failures="0" tests="3" name="A_signup" time="104.799" errors="0" timestamp="2023-01-16T18:35:26 IST">
  <testcase classname="testscript.T001_Sinuppage" name="Loginp" time="6.501"/>
  <testcase classname="testscript.T001_Sinuppage" name="verifyOtp" time="64.584"/>
  <testcase classname="testscript.T001_Sinuppage" name="ORGDetails" time="13.872"/>
</testsuite> <!-- A_signup -->
