<?xml version="1.0" encoding="UTF-8"?>
<!-- Generated by org.testng.reporters.JUnitXMLReporter -->
<testsuite ignored="2" hostname="DESKTOP-FMACLJN" failures="0" tests="5" name="MY3DMETA" time="85.909" errors="0" timestamp="2023-03-17T14:37:57 IST">
  <testcase classname="testscript.T3googlesign" name="connectWgoogle" time="10.308"/>
  <testcase classname="testscript.T9profile" name="Profile" time="21.456"/>
  <testcase classname="testscript.T9profile" name="AddProfile" time="11.157"/>
  <testcase classname="testscript.T9profile" name="Organisation" time="4.258"/>
  <testcase classname="testscript.T9profile" name="Billing" time="38.66"/>
  <testcase classname="testscript.BaseClass" name="@BeforeSuite Setup" time="0.0">
    <ignored/>
  </testcase> <!-- @BeforeSuite Setup -->
  <testcase classname="testscript.BaseClass" name="@AfterSuite TearDown" time="0.0">
    <ignored/>
  </testcase> <!-- @AfterSuite TearDown -->
</testsuite> <!-- MY3DMETA -->
