<?xml version="1.0" encoding="UTF-8"?>
<!-- Generated by org.testng.reporters.JUnitXMLReporter -->
<testsuite ignored="2" hostname="DESKTOP-FMACLJN" failures="0" tests="5" name="Test" time="73.356" errors="0" timestamp="2023-03-16T16:55:48 IST">
  <testcase classname="testscript.T3_googlesign" name="connectWgoogle" time="10.929"/>
  <testcase classname="testscript.T9_Profile" name="Profile" time="9.4"/>
  <testcase classname="testscript.T9_Profile" name="AddProfile" time="11.059"/>
  <testcase classname="testscript.T9_Profile" name="Organisation" time="4.036"/>
  <testcase classname="testscript.T9_Profile" name="Billing" time="37.875"/>
  <testcase classname="testscript.BaseClass" name="@AfterSuite TearDown" time="0.0">
    <ignored/>
  </testcase> <!-- @AfterSuite TearDown -->
  <testcase classname="testscript.BaseClass" name="@BeforeSuite Setup" time="0.0">
    <ignored/>
  </testcase> <!-- @BeforeSuite Setup -->
</testsuite> <!-- Test -->
