<?xml version="1.0" encoding="UTF-8"?>
<!-- Generated by org.testng.reporters.JUnitXMLReporter -->
<testsuite ignored="4" hostname="DESKTOP-FMACLJN" failures="0" tests="3" name="Login Test" time="20.682" errors="0" timestamp="2022-12-22T17:09:56 IST">
  <testcase classname="testscript.T001" name="Loginp" time="9.575"/>
  <testcase classname="testscript.T002" name="Admin" time="0.852"/>
  <testcase classname="testscript.T003" name="punchin" time="10.213"/>
  <testcase classname="testscript.BaseClass" name="@AfterSuite TearDown" time="0.0">
    <ignored/>
  </testcase> <!-- @AfterSuite TearDown -->
  <testcase classname="testscript.BaseClass" name="@BeforeSuite Setup" time="0.0">
    <ignored/>
  </testcase> <!-- @BeforeSuite Setup -->
  <testcase classname="testscript.BaseClass" name="@AfterSuite TearDown" time="0.0">
    <ignored/>
  </testcase> <!-- @AfterSuite TearDown -->
  <testcase classname="testscript.BaseClass" name="@BeforeSuite Setup" time="0.0">
    <ignored/>
  </testcase> <!-- @BeforeSuite Setup -->
</testsuite> <!-- Login Test -->
