<?xml version="1.0" encoding="UTF-8"?>
<testng-results ignored="4" total="7" passed="3" failed="0" skipped="0">
  <reporter-output>
  </reporter-output>
  <suite started-at="2022-12-22T17:09:35 IST" name="Test Suite" finished-at="2022-12-22T17:09:56 IST" duration-ms="20682">
    <groups>
    </groups>
    <test started-at="2022-12-22T17:09:35 IST" name="Login Test" finished-at="2022-12-22T17:09:56 IST" duration-ms="20682">
      <class name="testscript.T001">
        <test-method is-config="true" signature="Setup()[pri:0, instance:testscript.T001@78691363]" started-at="2022-12-22T17:09:30 IST" name="Setup" finished-at="2022-12-22T17:09:35 IST" duration-ms="5706" status="PASS">
          <reporter-output>
          </reporter-output>
        </test-method> <!-- Setup -->
        <test-method signature="Loginp()[pri:1, instance:testscript.T001@78691363]" started-at="2022-12-22T17:09:35 IST" name="Loginp" finished-at="2022-12-22T17:09:45 IST" duration-ms="9575" status="PASS">
          <reporter-output>
          </reporter-output>
        </test-method> <!-- Loginp -->
        <test-method is-config="true" signature="TearDown()[pri:0, instance:testscript.T001@78691363]" started-at="2022-12-22T17:09:56 IST" name="TearDown" finished-at="2022-12-22T17:09:56 IST" duration-ms="0" status="PASS">
          <reporter-output>
          </reporter-output>
        </test-method> <!-- TearDown -->
      </class> <!-- testscript.T001 -->
      <class name="testscript.T002">
        <test-method signature="Admin()[pri:0, instance:testscript.T002@765d7657]" started-at="2022-12-22T17:09:45 IST" name="Admin" finished-at="2022-12-22T17:09:46 IST" duration-ms="852" status="PASS">
          <reporter-output>
          </reporter-output>
        </test-method> <!-- Admin -->
      </class> <!-- testscript.T002 -->
      <class name="testscript.T003">
        <test-method signature="punchin()[pri:0, instance:testscript.T003@74235045]" started-at="2022-12-22T17:09:46 IST" name="punchin" finished-at="2022-12-22T17:09:56 IST" duration-ms="10213" status="PASS">
          <reporter-output>
          </reporter-output>
        </test-method> <!-- punchin -->
      </class> <!-- testscript.T003 -->
    </test> <!-- Login Test -->
  </suite> <!-- Test Suite -->
</testng-results>
